app/build/intermediates/manifest_merge_blame_file/armDebug/manifest-merger-blame-arm-debug-report.txt
1<?xml version="1.0" encoding="utf-8"?>
2<manifest xmlns:android="http://schemas.android.com/apk/res/android"
3    package="com.tencent.weauth"
4    android:versionCode="100"
5    android:versionName="0.1.4" >
6
7    <uses-sdk
7-->src\main\AndroidManifest.xml:5:5-59
8        xmlns:android="http://schemas.android.com/apk/res/android"
8-->[com.tencent.luggage:wxa-standalone-open-runtime-SaaA-plugin-sdk:1.0.2] AndroidManifest.xml:7:9-67
9        android:minSdkVersion="21"
9-->src\main\AndroidManifest.xml:5:5-59
10        android:targetSdkVersion="29" />
10-->src\main\AndroidManifest.xml:5:5-59
11
12    <uses-permission
12-->src\main\AndroidManifest.xml:6:5-67
13        xmlns:android="http://schemas.android.com/apk/res/android"
13-->[com.tencent.luggage:wxa-standalone-open-runtime-SaaA-plugin-sdk:1.0.2] AndroidManifest.xml:31:9-67
14        android:name="android.permission.INTERNET" /> <!-- 网络通信 -->
14-->src\main\AndroidManifest.xml:6:22-64
15    <uses-permission
15-->src\main\AndroidManifest.xml:7:5-79
16        xmlns:android="http://schemas.android.com/apk/res/android"
16-->[com.tencent.luggage:wxa-standalone-open-runtime-SaaA-plugin-sdk:1.0.2] AndroidManifest.xml:34:9-67
17        android:name="android.permission.ACCESS_NETWORK_STATE" />
17-->src\main\AndroidManifest.xml:7:22-76
18    <uses-permission android:name="android.permission.ACCESS_COARSE_LOCATION" />
18-->src\main\AndroidManifest.xml:8:5-81
18-->src\main\AndroidManifest.xml:8:22-78
19    <uses-permission android:name="android.permission.ACCESS_FINE_LOCATION" />
19-->src\main\AndroidManifest.xml:9:5-79
19-->src\main\AndroidManifest.xml:9:22-76
20    <uses-permission android:name="android.permission.RECORD_AUDIO" />
20-->src\main\AndroidManifest.xml:10:5-71
20-->src\main\AndroidManifest.xml:10:22-68
21    <uses-permission android:name="android.permission.REQUEST_INSTALL_PACKAGES" />
21-->src\main\AndroidManifest.xml:11:5-83
21-->src\main\AndroidManifest.xml:11:22-80
22
23    <queries package="com.tencent.weauth" >
23-->src\main\AndroidManifest.xml:13:5-15:15
23-->[com.tencent.luggage:wxa-standalone-open-runtime-SaaA-plugin-sdk:1.0.2] AndroidManifest.xml:12:14-40
24        <package android:name="com.tencent.mm" />
24-->src\main\AndroidManifest.xml:14:9-50
24-->src\main\AndroidManifest.xml:14:18-47
25
26        <intent>
26-->[com.tencent.luggage:wxa-standalone-open-runtime-SaaA-plugin-sdk:1.0.2] AndroidManifest.xml:13:9-16:18
27            <action android:name="android.media.action.IMAGE_CAPTURE" >
27-->[com.tencent.luggage:wxa-standalone-open-runtime-SaaA-plugin-sdk:1.0.2] AndroidManifest.xml:14:13-15:22
27-->[com.tencent.luggage:wxa-standalone-open-runtime-SaaA-plugin-sdk:1.0.2] AndroidManifest.xml:14:21-70
28            </action>
29        </intent>
30        <intent>
30-->[com.tencent.luggage:wxa-standalone-open-runtime-SaaA-plugin-sdk:1.0.2] AndroidManifest.xml:17:9-20:18
31            <action android:name="android.media.action.ACTION_VIDEO_CAPTURE" >
31-->[com.tencent.luggage:wxa-standalone-open-runtime-SaaA-plugin-sdk:1.0.2] AndroidManifest.xml:18:13-19:22
31-->[com.tencent.luggage:wxa-standalone-open-runtime-SaaA-plugin-sdk:1.0.2] AndroidManifest.xml:18:21-77
32            </action>
33        </intent>
34        <intent>
34-->[com.blankj:utilcodex:1.31.1] AndroidManifest.xml:10:9-12:18
35            <action android:name="android.intent.action.MAIN" />
35-->src\main\AndroidManifest.xml:37:17-69
35-->src\main\AndroidManifest.xml:37:25-66
36        </intent>
37        <intent>
37-->[com.blankj:utilcodex:1.31.1] AndroidManifest.xml:13:9-15:18
38            <action android:name="android.intent.action.VIEW" />
38-->src\main\AndroidManifest.xml:42:17-69
38-->src\main\AndroidManifest.xml:42:25-66
39        </intent>
40    </queries>
41
42    <!-- 适配Android R包可见性 结束 -->
43    <uses-permission
43-->[com.tencent.luggage:wxa-standalone-open-runtime-SaaA-plugin-sdk:1.0.2] AndroidManifest.xml:24:5-26:53
44        xmlns:android="http://schemas.android.com/apk/res/android"
44-->[com.tencent.luggage:wxa-standalone-open-runtime-SaaA-plugin-sdk:1.0.2] AndroidManifest.xml:25:9-67
45        android:name="android.permission.VIBRATE" />
45-->[com.tencent.luggage:wxa-standalone-open-runtime-SaaA-plugin-sdk:1.0.2] AndroidManifest.xml:26:9-50
46    <uses-permission
46-->[com.tencent.luggage:wxa-standalone-open-runtime-SaaA-plugin-sdk:1.0.2] AndroidManifest.xml:27:5-29:56
47        xmlns:android="http://schemas.android.com/apk/res/android"
47-->[com.tencent.luggage:wxa-standalone-open-runtime-SaaA-plugin-sdk:1.0.2] AndroidManifest.xml:28:9-67
48        android:name="android.permission.ALARM_LOCK" />
48-->[com.tencent.luggage:wxa-standalone-open-runtime-SaaA-plugin-sdk:1.0.2] AndroidManifest.xml:29:9-53
49    <uses-permission
49-->[com.tencent.luggage:wxa-standalone-open-runtime-SaaA-plugin-sdk:1.0.2] AndroidManifest.xml:36:5-38:55
50        xmlns:android="http://schemas.android.com/apk/res/android"
50-->[com.tencent.luggage:wxa-standalone-open-runtime-SaaA-plugin-sdk:1.0.2] AndroidManifest.xml:37:9-67
51        android:name="android.permission.WAKE_LOCK" />
51-->[com.tencent.luggage:wxa-standalone-open-runtime-SaaA-plugin-sdk:1.0.2] AndroidManifest.xml:38:9-52
52    <uses-permission
52-->[com.tencent.luggage:wxa-standalone-open-runtime-SaaA-plugin-sdk:1.0.2] AndroidManifest.xml:39:5-41:63
53        xmlns:android="http://schemas.android.com/apk/res/android"
53-->[com.tencent.luggage:wxa-standalone-open-runtime-SaaA-plugin-sdk:1.0.2] AndroidManifest.xml:40:9-67
54        android:name="android.permission.ACCESS_WIFI_STATE" />
54-->[com.tencent.luggage:wxa-standalone-open-runtime-SaaA-plugin-sdk:1.0.2] AndroidManifest.xml:41:9-60
55    <uses-permission
55-->[com.tencent.luggage:wxa-standalone-open-runtime-SaaA-plugin-sdk:1.0.2] AndroidManifest.xml:42:5-44:68
56        xmlns:android="http://schemas.android.com/apk/res/android"
56-->[com.tencent.luggage:wxa-standalone-open-runtime-SaaA-plugin-sdk:1.0.2] AndroidManifest.xml:43:9-67
57        android:name="android.permission.WRITE_EXTERNAL_STORAGE" />
57-->[com.tencent.luggage:wxa-standalone-open-runtime-SaaA-plugin-sdk:1.0.2] AndroidManifest.xml:44:9-65
58
59    <permission
59-->[com.tencent.luggage:wxa-standalone-open-runtime-SaaA-plugin-sdk:1.0.2] AndroidManifest.xml:46:5-49:47
60        xmlns:android="http://schemas.android.com/apk/res/android"
60-->[com.tencent.luggage:wxa-standalone-open-runtime-SaaA-plugin-sdk:1.0.2] AndroidManifest.xml:47:9-67
61        android:name="com.tencent.weauth.vfs.broadcast"
61-->[com.tencent.luggage:wxa-standalone-open-runtime-SaaA-plugin-sdk:1.0.2] AndroidManifest.xml:48:9-54
62        android:protectionLevel="signature" />
62-->[com.tencent.luggage:wxa-standalone-open-runtime-SaaA-plugin-sdk:1.0.2] AndroidManifest.xml:49:9-44
63
64    <uses-permission
64-->[com.tencent.luggage:wxa-standalone-open-runtime-SaaA-plugin-sdk:1.0.2] AndroidManifest.xml:51:5-53:57
65        xmlns:android="http://schemas.android.com/apk/res/android"
65-->[com.tencent.luggage:wxa-standalone-open-runtime-SaaA-plugin-sdk:1.0.2] AndroidManifest.xml:52:9-67
66        android:name="com.tencent.weauth.vfs.broadcast" />
66-->[com.tencent.luggage:wxa-standalone-open-runtime-SaaA-plugin-sdk:1.0.2] AndroidManifest.xml:53:9-54
67    <uses-permission
67-->[com.tencent.luggage:wxa-standalone-open-runtime-SaaA-plugin-sdk:1.0.2] AndroidManifest.xml:54:5-56:73
68        xmlns:android="http://schemas.android.com/apk/res/android"
68-->[com.tencent.luggage:wxa-standalone-open-runtime-SaaA-plugin-sdk:1.0.2] AndroidManifest.xml:55:9-67
69        android:name="android.permission.CHANGE_WIFI_MULTICAST_STATE" />
69-->[com.tencent.luggage:wxa-standalone-open-runtime-SaaA-plugin-sdk:1.0.2] AndroidManifest.xml:56:9-70
70    <uses-permission
70-->[com.tencent.luggage:wxa-standalone-open-runtime-SaaA-plugin-sdk:1.0.2] AndroidManifest.xml:57:5-60:35
71        xmlns:android="http://schemas.android.com/apk/res/android"
71-->[com.tencent.luggage:wxa-standalone-open-runtime-SaaA-plugin-sdk:1.0.2] AndroidManifest.xml:58:9-67
72        android:name="android.permission.CAMERA"
72-->[com.tencent.luggage:wxa-standalone-open-runtime-SaaA-plugin-sdk:1.0.2] AndroidManifest.xml:59:9-49
73        android:required="true" />
73-->[com.tencent.luggage:wxa-standalone-open-runtime-SaaA-plugin-sdk:1.0.2] AndroidManifest.xml:60:9-32
74
75    <uses-feature
75-->[com.tencent.luggage:wxa-standalone-open-runtime-SaaA-plugin-sdk:1.0.2] AndroidManifest.xml:62:5-65:35
76        xmlns:android="http://schemas.android.com/apk/res/android"
76-->[com.tencent.luggage:wxa-standalone-open-runtime-SaaA-plugin-sdk:1.0.2] AndroidManifest.xml:63:9-67
77        android:name="android.hardware.camera"
77-->[com.tencent.luggage:wxa-standalone-open-runtime-SaaA-plugin-sdk:1.0.2] AndroidManifest.xml:64:9-47
78        android:required="true" />
78-->[com.tencent.luggage:wxa-standalone-open-runtime-SaaA-plugin-sdk:1.0.2] AndroidManifest.xml:65:9-32
79    <uses-feature
79-->[com.tencent.luggage:wxa-standalone-open-runtime-SaaA-plugin-sdk:1.0.2] AndroidManifest.xml:66:5-69:36
80        xmlns:android="http://schemas.android.com/apk/res/android"
80-->[com.tencent.luggage:wxa-standalone-open-runtime-SaaA-plugin-sdk:1.0.2] AndroidManifest.xml:67:9-67
81        android:name="android.hardware.camera.autofocus"
81-->[com.tencent.luggage:wxa-standalone-open-runtime-SaaA-plugin-sdk:1.0.2] AndroidManifest.xml:68:9-57
82        android:required="false" />
82-->[com.tencent.luggage:wxa-standalone-open-runtime-SaaA-plugin-sdk:1.0.2] AndroidManifest.xml:69:9-33
83
84    <uses-permission
84-->[com.tencent.luggage:wxa-standalone-open-runtime-SaaA-plugin-sdk:1.0.2] AndroidManifest.xml:71:5-73:66
85        xmlns:android="http://schemas.android.com/apk/res/android"
85-->[com.tencent.luggage:wxa-standalone-open-runtime-SaaA-plugin-sdk:1.0.2] AndroidManifest.xml:72:9-67
86        android:name="android.permission.CHANGE_NETWORK_STATE" />
86-->[com.tencent.luggage:wxa-standalone-open-runtime-SaaA-plugin-sdk:1.0.2] AndroidManifest.xml:73:9-63
87    <uses-permission
87-->[com.tencent.luggage:wxa-standalone-open-runtime-SaaA-plugin-sdk:1.0.2] AndroidManifest.xml:74:5-76:63
88        xmlns:android="http://schemas.android.com/apk/res/android"
88-->[com.tencent.luggage:wxa-standalone-open-runtime-SaaA-plugin-sdk:1.0.2] AndroidManifest.xml:75:9-67
89        android:name="android.permission.CHANGE_WIFI_STATE" />
89-->[com.tencent.luggage:wxa-standalone-open-runtime-SaaA-plugin-sdk:1.0.2] AndroidManifest.xml:76:9-60
90    <uses-permission
90-->[com.tencent.luggage:wxa-standalone-open-runtime-SaaA-plugin-sdk:1.0.2] AndroidManifest.xml:77:5-79:55
91        xmlns:android="http://schemas.android.com/apk/res/android"
91-->[com.tencent.luggage:wxa-standalone-open-runtime-SaaA-plugin-sdk:1.0.2] AndroidManifest.xml:78:9-67
92        android:name="android.permission.BLUETOOTH" />
92-->[com.tencent.luggage:wxa-standalone-open-runtime-SaaA-plugin-sdk:1.0.2] AndroidManifest.xml:79:9-52
93    <uses-permission
93-->[com.tencent.luggage:wxa-standalone-open-runtime-SaaA-plugin-sdk:1.0.2] AndroidManifest.xml:80:5-82:61
94        xmlns:android="http://schemas.android.com/apk/res/android"
94-->[com.tencent.luggage:wxa-standalone-open-runtime-SaaA-plugin-sdk:1.0.2] AndroidManifest.xml:81:9-67
95        android:name="android.permission.BLUETOOTH_ADMIN" />
95-->[com.tencent.luggage:wxa-standalone-open-runtime-SaaA-plugin-sdk:1.0.2] AndroidManifest.xml:82:9-58
96    <uses-permission
96-->[com.tencent.luggage:wxa-standalone-open-runtime-SaaA-plugin-sdk:1.0.2] AndroidManifest.xml:83:5-85:49
97        xmlns:android="http://schemas.android.com/apk/res/android"
97-->[com.tencent.luggage:wxa-standalone-open-runtime-SaaA-plugin-sdk:1.0.2] AndroidManifest.xml:84:9-67
98        android:name="android.permission.NFC" />
98-->[com.tencent.luggage:wxa-standalone-open-runtime-SaaA-plugin-sdk:1.0.2] AndroidManifest.xml:85:9-46
99    <uses-permission
99-->[com.tencent.luggage:wxa-standalone-open-runtime-SaaA-plugin-sdk:1.0.2] AndroidManifest.xml:86:5-88:67
100        xmlns:android="http://schemas.android.com/apk/res/android"
100-->[com.tencent.luggage:wxa-standalone-open-runtime-SaaA-plugin-sdk:1.0.2] AndroidManifest.xml:87:9-67
101        android:name="android.permission.READ_EXTERNAL_STORAGE" />
101-->[com.tencent.luggage:wxa-standalone-open-runtime-SaaA-plugin-sdk:1.0.2] AndroidManifest.xml:88:9-64
102
103    <permission
103-->[com.tencent.luggage:wxa-standalone-open-runtime-SaaA-plugin-sdk:1.0.2] AndroidManifest.xml:90:5-93:44
104        xmlns:android="http://schemas.android.com/apk/res/android"
104-->[com.tencent.luggage:wxa-standalone-open-runtime-SaaA-plugin-sdk:1.0.2] AndroidManifest.xml:91:9-67
105        android:name="com.tencent.weauth.voiceassist.permission.READ"
105-->[com.tencent.luggage:wxa-standalone-open-runtime-SaaA-plugin-sdk:1.0.2] AndroidManifest.xml:92:9-68
106        android:protectionLevel="normal" />
106-->[com.tencent.luggage:wxa-standalone-open-runtime-SaaA-plugin-sdk:1.0.2] AndroidManifest.xml:93:9-41
107    <permission
107-->[com.tencent.luggage:wxa-standalone-open-runtime-SaaA-plugin-sdk:1.0.2] AndroidManifest.xml:94:5-97:44
108        xmlns:android="http://schemas.android.com/apk/res/android"
108-->[com.tencent.luggage:wxa-standalone-open-runtime-SaaA-plugin-sdk:1.0.2] AndroidManifest.xml:95:9-67
109        android:name="com.tencent.weauth.voiceassist.permission.WRITE"
109-->[com.tencent.luggage:wxa-standalone-open-runtime-SaaA-plugin-sdk:1.0.2] AndroidManifest.xml:96:9-69
110        android:protectionLevel="normal" />
110-->[com.tencent.luggage:wxa-standalone-open-runtime-SaaA-plugin-sdk:1.0.2] AndroidManifest.xml:97:9-41
111
112    <application
112-->src\main\AndroidManifest.xml:17:5-59:19
113        xmlns:android="http://schemas.android.com/apk/res/android"
113-->[com.tencent.luggage:wxa-standalone-open-runtime-SaaA-plugin-sdk:1.0.2] AndroidManifest.xml:100:9-67
114        android:name="com.tencent.weauth.DemoApplication"
114-->src\main\AndroidManifest.xml:18:9-40
115        android:allowBackup="false"
115-->src\main\AndroidManifest.xml:19:9-36
116        android:appComponentFactory="androidx.core.app.CoreComponentFactory"
116-->[androidx.core:core:1.3.2] AndroidManifest.xml:24:18-86
117        android:debuggable="true"
118        android:icon="@mipmap/ic_launcher"
118-->src\main\AndroidManifest.xml:20:9-43
119        android:label="@string/app_name"
119-->src\main\AndroidManifest.xml:21:9-41
120        android:persistent="true"
120-->src\main\AndroidManifest.xml:22:9-34
121        android:requestLegacyExternalStorage="true"
121-->[com.tencent.luggage:wxa-standalone-open-runtime-SaaA-plugin-sdk:1.0.2] AndroidManifest.xml:102:9-52
122        android:theme="@style/Theme.App.Global"
122-->src\main\AndroidManifest.xml:23:9-48
123        android:usesCleartextTraffic="true" >
123-->[com.tencent.luggage:wxa-standalone-open-runtime-SaaA-plugin-sdk:1.0.2] AndroidManifest.xml:103:9-44
124
125        <!-- 兼容支持 -->
126        <uses-library
126-->src\main\AndroidManifest.xml:27:9-29:40
127            android:name="org.apache.http.legacy"
127-->src\main\AndroidManifest.xml:28:13-50
128            android:required="false" />
128-->src\main\AndroidManifest.xml:29:13-37
129
130        <activity
130-->src\main\AndroidManifest.xml:31:9-47:20
131            android:name="com.tencent.weauth.ui.MainActivity"
131-->src\main\AndroidManifest.xml:32:13-44
132            android:configChanges="keyboard|keyboardHidden|orientation|screenSize|smallestScreenSize|screenLayout|uiMode"
132-->src\main\AndroidManifest.xml:33:13-122
133            android:exported="true"
133-->src\main\AndroidManifest.xml:34:13-36
134            android:theme="@style/Theme.Translucent" >
134-->src\main\AndroidManifest.xml:35:13-53
135            <intent-filter>
135-->src\main\AndroidManifest.xml:36:13-40:29
136                <action android:name="android.intent.action.MAIN" />
136-->src\main\AndroidManifest.xml:37:17-69
136-->src\main\AndroidManifest.xml:37:25-66
137
138                <category android:name="android.intent.category.LAUNCHER" />
138-->src\main\AndroidManifest.xml:38:17-77
138-->src\main\AndroidManifest.xml:38:27-74
139                <category android:name="android.intent.category.DEFAULT" />
139-->src\main\AndroidManifest.xml:39:17-76
139-->src\main\AndroidManifest.xml:39:27-73
140            </intent-filter>
141            <intent-filter>
141-->src\main\AndroidManifest.xml:41:13-46:29
142                <action android:name="android.intent.action.VIEW" />
142-->src\main\AndroidManifest.xml:42:17-69
142-->src\main\AndroidManifest.xml:42:25-66
143
144                <category android:name="android.intent.category.DEFAULT" />
144-->src\main\AndroidManifest.xml:39:17-76
144-->src\main\AndroidManifest.xml:39:27-73
145                <category android:name="android.intent.category.BROWSABLE" />
145-->src\main\AndroidManifest.xml:44:17-78
145-->src\main\AndroidManifest.xml:44:27-75
146
147                <data android:scheme="__placeholder__" />
147-->src\main\AndroidManifest.xml:45:23-57
148            </intent-filter>
149        </activity>
150        <activity
150-->src\main\AndroidManifest.xml:49:9-52:39
151            android:name="com.tencent.weauth.wxapi.WXEntryActivity"
151-->src\main\AndroidManifest.xml:50:13-50
152            android:exported="true"
152-->src\main\AndroidManifest.xml:52:13-36
153            android:launchMode="singleTask" />
153-->src\main\AndroidManifest.xml:51:13-44
154        <activity
154-->src\main\AndroidManifest.xml:54:9-57:39
155            android:name="com.tencent.weauth.wxapi.WXPayEntryActivity"
155-->src\main\AndroidManifest.xml:55:13-53
156            android:exported="true"
156-->src\main\AndroidManifest.xml:57:13-36
157            android:launchMode="singleTask" />
157-->src\main\AndroidManifest.xml:56:13-44
158        <activity
158-->[com.tencent.luggage:wxa-standalone-open-runtime-SaaA-plugin-sdk:1.0.2] AndroidManifest.xml:119:9-124:59
159            android:name="com.tencent.luggage.wxa.SaaA.app.SaaAContainerActivity0"
159-->[com.tencent.luggage:wxa-standalone-open-runtime-SaaA-plugin-sdk:1.0.2] AndroidManifest.xml:120:13-83
160            android:configChanges="keyboard|keyboardHidden|orientation|screenSize|smallestScreenSize|screenLayout|uiMode"
160-->[com.tencent.luggage:wxa-standalone-open-runtime-SaaA-plugin-sdk:1.0.2] AndroidManifest.xml:121:13-122
161            android:process=":wxa_container0"
161-->[com.tencent.luggage:wxa-standalone-open-runtime-SaaA-plugin-sdk:1.0.2] AndroidManifest.xml:122:13-46
162            android:screenOrientation="behind"
162-->[com.tencent.luggage:wxa-standalone-open-runtime-SaaA-plugin-sdk:1.0.2] AndroidManifest.xml:123:13-47
163            android:theme="@style/WxaAppContainerTheme" />
163-->[com.tencent.luggage:wxa-standalone-open-runtime-SaaA-plugin-sdk:1.0.2] AndroidManifest.xml:124:13-56
164
165        <activity-alias
165-->[com.tencent.luggage:wxa-standalone-open-runtime-SaaA-plugin-sdk:1.0.2] AndroidManifest.xml:126:9-128:96
166            android:name="com.tencent.luggage.wxa.standalone_open_runtime.container.WxaContainerActivity0"
166-->[com.tencent.luggage:wxa-standalone-open-runtime-SaaA-plugin-sdk:1.0.2] AndroidManifest.xml:127:13-107
167            android:targetActivity="com.tencent.luggage.wxa.SaaA.app.SaaAContainerActivity0" />
167-->[com.tencent.luggage:wxa-standalone-open-runtime-SaaA-plugin-sdk:1.0.2] AndroidManifest.xml:128:13-93
168
169        <activity
169-->[com.tencent.luggage:wxa-standalone-open-runtime-SaaA-plugin-sdk:1.0.2] AndroidManifest.xml:130:9-135:59
170            android:name="com.tencent.luggage.wxa.SaaA.app.SaaAContainerActivity1"
170-->[com.tencent.luggage:wxa-standalone-open-runtime-SaaA-plugin-sdk:1.0.2] AndroidManifest.xml:131:13-83
171            android:configChanges="keyboard|keyboardHidden|orientation|screenSize|smallestScreenSize|screenLayout|uiMode"
171-->[com.tencent.luggage:wxa-standalone-open-runtime-SaaA-plugin-sdk:1.0.2] AndroidManifest.xml:132:13-122
172            android:process=":wxa_container1"
172-->[com.tencent.luggage:wxa-standalone-open-runtime-SaaA-plugin-sdk:1.0.2] AndroidManifest.xml:133:13-46
173            android:screenOrientation="behind"
173-->[com.tencent.luggage:wxa-standalone-open-runtime-SaaA-plugin-sdk:1.0.2] AndroidManifest.xml:134:13-47
174            android:theme="@style/WxaAppContainerTheme" />
174-->[com.tencent.luggage:wxa-standalone-open-runtime-SaaA-plugin-sdk:1.0.2] AndroidManifest.xml:135:13-56
175
176        <activity-alias
176-->[com.tencent.luggage:wxa-standalone-open-runtime-SaaA-plugin-sdk:1.0.2] AndroidManifest.xml:137:9-139:96
177            android:name="com.tencent.luggage.wxa.standalone_open_runtime.container.WxaContainerActivity1"
177-->[com.tencent.luggage:wxa-standalone-open-runtime-SaaA-plugin-sdk:1.0.2] AndroidManifest.xml:138:13-107
178            android:targetActivity="com.tencent.luggage.wxa.SaaA.app.SaaAContainerActivity1" />
178-->[com.tencent.luggage:wxa-standalone-open-runtime-SaaA-plugin-sdk:1.0.2] AndroidManifest.xml:139:13-93
179
180        <activity
180-->[com.tencent.luggage:wxa-standalone-open-runtime-SaaA-plugin-sdk:1.0.2] AndroidManifest.xml:141:9-146:59
181            android:name="com.tencent.luggage.wxa.SaaA.app.SaaAContainerActivity2"
181-->[com.tencent.luggage:wxa-standalone-open-runtime-SaaA-plugin-sdk:1.0.2] AndroidManifest.xml:142:13-83
182            android:configChanges="keyboard|keyboardHidden|orientation|screenSize|smallestScreenSize|screenLayout|uiMode"
182-->[com.tencent.luggage:wxa-standalone-open-runtime-SaaA-plugin-sdk:1.0.2] AndroidManifest.xml:143:13-122
183            android:process=":wxa_container2"
183-->[com.tencent.luggage:wxa-standalone-open-runtime-SaaA-plugin-sdk:1.0.2] AndroidManifest.xml:144:13-46
184            android:screenOrientation="behind"
184-->[com.tencent.luggage:wxa-standalone-open-runtime-SaaA-plugin-sdk:1.0.2] AndroidManifest.xml:145:13-47
185            android:theme="@style/WxaAppContainerTheme" />
185-->[com.tencent.luggage:wxa-standalone-open-runtime-SaaA-plugin-sdk:1.0.2] AndroidManifest.xml:146:13-56
186
187        <activity-alias
187-->[com.tencent.luggage:wxa-standalone-open-runtime-SaaA-plugin-sdk:1.0.2] AndroidManifest.xml:148:9-150:96
188            android:name="com.tencent.luggage.wxa.standalone_open_runtime.container.WxaContainerActivity2"
188-->[com.tencent.luggage:wxa-standalone-open-runtime-SaaA-plugin-sdk:1.0.2] AndroidManifest.xml:149:13-107
189            android:targetActivity="com.tencent.luggage.wxa.SaaA.app.SaaAContainerActivity2" />
189-->[com.tencent.luggage:wxa-standalone-open-runtime-SaaA-plugin-sdk:1.0.2] AndroidManifest.xml:150:13-93
190
191        <activity
191-->[com.tencent.luggage:wxa-standalone-open-runtime-SaaA-plugin-sdk:1.0.2] AndroidManifest.xml:152:9-157:59
192            android:name="com.tencent.luggage.wxa.SaaA.app.SaaAContainerActivity3"
192-->[com.tencent.luggage:wxa-standalone-open-runtime-SaaA-plugin-sdk:1.0.2] AndroidManifest.xml:153:13-83
193            android:configChanges="keyboard|keyboardHidden|orientation|screenSize|smallestScreenSize|screenLayout|uiMode"
193-->[com.tencent.luggage:wxa-standalone-open-runtime-SaaA-plugin-sdk:1.0.2] AndroidManifest.xml:154:13-122
194            android:process=":wxa_container3"
194-->[com.tencent.luggage:wxa-standalone-open-runtime-SaaA-plugin-sdk:1.0.2] AndroidManifest.xml:155:13-46
195            android:screenOrientation="behind"
195-->[com.tencent.luggage:wxa-standalone-open-runtime-SaaA-plugin-sdk:1.0.2] AndroidManifest.xml:156:13-47
196            android:theme="@style/WxaAppContainerTheme" />
196-->[com.tencent.luggage:wxa-standalone-open-runtime-SaaA-plugin-sdk:1.0.2] AndroidManifest.xml:157:13-56
197
198        <activity-alias
198-->[com.tencent.luggage:wxa-standalone-open-runtime-SaaA-plugin-sdk:1.0.2] AndroidManifest.xml:159:9-161:96
199            android:name="com.tencent.luggage.wxa.standalone_open_runtime.container.WxaContainerActivity3"
199-->[com.tencent.luggage:wxa-standalone-open-runtime-SaaA-plugin-sdk:1.0.2] AndroidManifest.xml:160:13-107
200            android:targetActivity="com.tencent.luggage.wxa.SaaA.app.SaaAContainerActivity3" />
200-->[com.tencent.luggage:wxa-standalone-open-runtime-SaaA-plugin-sdk:1.0.2] AndroidManifest.xml:161:13-93
201
202        <activity
202-->[com.tencent.luggage:wxa-standalone-open-runtime-SaaA-plugin-sdk:1.0.2] AndroidManifest.xml:163:9-168:59
203            android:name="com.tencent.luggage.wxa.SaaA.app.SaaAContainerActivity4"
203-->[com.tencent.luggage:wxa-standalone-open-runtime-SaaA-plugin-sdk:1.0.2] AndroidManifest.xml:164:13-83
204            android:configChanges="keyboard|keyboardHidden|orientation|screenSize|smallestScreenSize|screenLayout|uiMode"
204-->[com.tencent.luggage:wxa-standalone-open-runtime-SaaA-plugin-sdk:1.0.2] AndroidManifest.xml:165:13-122
205            android:process=":wxa_container4"
205-->[com.tencent.luggage:wxa-standalone-open-runtime-SaaA-plugin-sdk:1.0.2] AndroidManifest.xml:166:13-46
206            android:screenOrientation="behind"
206-->[com.tencent.luggage:wxa-standalone-open-runtime-SaaA-plugin-sdk:1.0.2] AndroidManifest.xml:167:13-47
207            android:theme="@style/WxaAppContainerTheme" />
207-->[com.tencent.luggage:wxa-standalone-open-runtime-SaaA-plugin-sdk:1.0.2] AndroidManifest.xml:168:13-56
208
209        <activity-alias
209-->[com.tencent.luggage:wxa-standalone-open-runtime-SaaA-plugin-sdk:1.0.2] AndroidManifest.xml:170:9-172:96
210            android:name="com.tencent.luggage.wxa.standalone_open_runtime.container.WxaContainerActivity4"
210-->[com.tencent.luggage:wxa-standalone-open-runtime-SaaA-plugin-sdk:1.0.2] AndroidManifest.xml:171:13-107
211            android:targetActivity="com.tencent.luggage.wxa.SaaA.app.SaaAContainerActivity4" />
211-->[com.tencent.luggage:wxa-standalone-open-runtime-SaaA-plugin-sdk:1.0.2] AndroidManifest.xml:172:13-93
212
213        <meta-data
213-->[com.tencent.luggage:wxa-standalone-open-runtime-SaaA-plugin-sdk:1.0.2] AndroidManifest.xml:174:9-176:40
214            android:name="com.tencent.wmpf.BuildInfo.BUILD_OWNER"
214-->[com.tencent.luggage:wxa-standalone-open-runtime-SaaA-plugin-sdk:1.0.2] AndroidManifest.xml:175:13-66
215            android:value="coverguo" />
215-->[com.tencent.luggage:wxa-standalone-open-runtime-SaaA-plugin-sdk:1.0.2] AndroidManifest.xml:176:13-37
216        <meta-data
216-->[com.tencent.luggage:wxa-standalone-open-runtime-SaaA-plugin-sdk:1.0.2] AndroidManifest.xml:177:9-179:36
217            android:name="com.tencent.wmpf.BuildInfo.BUILD_HOSTNAME"
217-->[com.tencent.luggage:wxa-standalone-open-runtime-SaaA-plugin-sdk:1.0.2] AndroidManifest.xml:178:13-69
218            android:value="null" />
218-->[com.tencent.luggage:wxa-standalone-open-runtime-SaaA-plugin-sdk:1.0.2] AndroidManifest.xml:179:13-33
219        <meta-data
219-->[com.tencent.luggage:wxa-standalone-open-runtime-SaaA-plugin-sdk:1.0.2] AndroidManifest.xml:180:9-182:51
220            android:name="com.tencent.wmpf.BuildInfo.BUILD_TIME"
220-->[com.tencent.luggage:wxa-standalone-open-runtime-SaaA-plugin-sdk:1.0.2] AndroidManifest.xml:181:13-65
221            android:value="2023-12-07 17:43:57" />
221-->[com.tencent.luggage:wxa-standalone-open-runtime-SaaA-plugin-sdk:1.0.2] AndroidManifest.xml:182:13-48
222        <meta-data
222-->[com.tencent.luggage:wxa-standalone-open-runtime-SaaA-plugin-sdk:1.0.2] AndroidManifest.xml:183:9-185:72
223            android:name="com.tencent.wmpf.BuildInfo.BUILD_REV"
223-->[com.tencent.luggage:wxa-standalone-open-runtime-SaaA-plugin-sdk:1.0.2] AndroidManifest.xml:184:13-64
224            android:value="8219a3533d8c64fde95475129d14eb539e66d3ab" />
224-->[com.tencent.luggage:wxa-standalone-open-runtime-SaaA-plugin-sdk:1.0.2] AndroidManifest.xml:185:13-69
225        <meta-data
225-->[com.tencent.luggage:wxa-standalone-open-runtime-SaaA-plugin-sdk:1.0.2] AndroidManifest.xml:186:9-188:37
226            android:name="com.tencent.wmpf.BuildInfo.BUILD_SDK_VERSION"
226-->[com.tencent.luggage:wxa-standalone-open-runtime-SaaA-plugin-sdk:1.0.2] AndroidManifest.xml:187:13-72
227            android:value="2.1.0" />
227-->[com.tencent.luggage:wxa-standalone-open-runtime-SaaA-plugin-sdk:1.0.2] AndroidManifest.xml:188:13-34
228        <meta-data
228-->[com.tencent.luggage:wxa-standalone-open-runtime-SaaA-plugin-sdk:1.0.2] AndroidManifest.xml:189:9-191:42
229            android:name="com.tencent.wmpf.BuildInfo.BUILD_SDK_VERSION_INT"
229-->[com.tencent.luggage:wxa-standalone-open-runtime-SaaA-plugin-sdk:1.0.2] AndroidManifest.xml:190:13-76
230            android:value="0x22010001" />
230-->[com.tencent.luggage:wxa-standalone-open-runtime-SaaA-plugin-sdk:1.0.2] AndroidManifest.xml:191:13-39
231        <meta-data
231-->[com.tencent.luggage:wxa-standalone-open-runtime-SaaA-plugin-sdk:1.0.2] AndroidManifest.xml:192:9-194:42
232            android:name="com.tencent.wmpf.BuildInfo.BUILD_UPSTREAM_CLIENT_VERSION"
232-->[com.tencent.luggage:wxa-standalone-open-runtime-SaaA-plugin-sdk:1.0.2] AndroidManifest.xml:193:13-84
233            android:value="0x28000730" />
233-->[com.tencent.luggage:wxa-standalone-open-runtime-SaaA-plugin-sdk:1.0.2] AndroidManifest.xml:194:13-39
234        <meta-data
234-->[com.tencent.luggage:wxa-standalone-open-runtime-SaaA-plugin-sdk:1.0.2] AndroidManifest.xml:195:9-197:37
235            android:name="com.tencent.wmpf.BuildInfo.BUILD_WEBGL_MAP_COMP"
235-->[com.tencent.luggage:wxa-standalone-open-runtime-SaaA-plugin-sdk:1.0.2] AndroidManifest.xml:196:13-75
236            android:value="false" />
236-->[com.tencent.luggage:wxa-standalone-open-runtime-SaaA-plugin-sdk:1.0.2] AndroidManifest.xml:197:13-34
237        <meta-data
237-->[com.tencent.luggage:wxa-standalone-open-runtime-SaaA-plugin-sdk:1.0.2] AndroidManifest.xml:198:9-200:37
238            android:name="com.tencent.wmpf.BuildInfo.BUILD_SUPPORT_GAME"
238-->[com.tencent.luggage:wxa-standalone-open-runtime-SaaA-plugin-sdk:1.0.2] AndroidManifest.xml:199:13-73